<?xml version="1.0" encoding="UTF-8"?>
<testsuite name="org.example.UtilsTest" tests="1" skipped="0" failures="0" errors="0" timestamp="2023-02-11T21:58:53" hostname="KIOK" time="0.019">
  <properties/>
  <testcase name="isAllPositiveNumbers()" classname="org.example.UtilsTest" time="0.019"/>
  <system-out><![CDATA[]]></system-out>
  <system-err><![CDATA[]]></system-err>
</testsuite>
